[debug] [2021-09-02T02:01:35.089Z] ----------------------------------------------------------------------
[debug] [2021-09-02T02:01:35.133Z] Command:       C:\Program Files\nodejs\node.exe C:\Users\Admin\AppData\Roaming\npm\node_modules\firebase-tools\lib\bin\firebase.js init
[debug] [2021-09-02T02:01:35.135Z] CLI Version:   9.16.6
[debug] [2021-09-02T02:01:35.136Z] Platform:      win32
[debug] [2021-09-02T02:01:35.136Z] Node Version:  v14.16.1
[debug] [2021-09-02T02:01:35.828Z] Time:          Wed Sep 01 2021 14:01:35 GMT-1200 (GMT-12:00)
[debug] [2021-09-02T02:01:35.829Z] ----------------------------------------------------------------------
[debug] 
[debug] [2021-09-02T02:01:36.567Z] > command requires scopes: ["email","openid","https://www.googleapis.com/auth/cloudplatformprojects.readonly","https://www.googleapis.com/auth/firebase","https://www.googleapis.com/auth/cloud-platform"]
[debug] [2021-09-02T02:01:36.569Z] > authorizing via signed-in user (adityaraj51202@gmail.com)
[info] 
     ######## #### ########  ######## ########     ###     ######  ########
     ##        ##  ##     ## ##       ##     ##  ##   ##  ##       ##
     ######    ##  ########  ######   ########  #########  ######  ######
     ##        ##  ##    ##  ##       ##     ## ##     ##       ## ##
     ##       #### ##     ## ######## ########  ##     ##  ######  ########

You're about to initialize a Firebase project in this directory:

  D:\Local Disk D\TECHNICAL\React JS\Clones\Google-Clone\google-clone

Before we get started, keep in mind:

  * You are initializing within an existing Firebase project directory

